  [1m[35m (0.0ms)[0m  [1m[34mSELECT sqlite_version(*)[0m
  [1m[35m (234.1ms)[0m  [1m[35mCREATE TABLE "schema_migrations" ("version" varchar NOT NULL PRIMARY KEY)[0m
  [1m[35m (102.1ms)[0m  [1m[35mCREATE TABLE "ar_internal_metadata" ("key" varchar NOT NULL PRIMARY KEY, "value" varchar, "created_at" datetime NOT NULL, "updated_at" datetime NOT NULL)[0m
  [1m[35m (1.0ms)[0m  [1m[34mSELECT "schema_migrations"."version" FROM "schema_migrations" ORDER BY "schema_migrations"."version" ASC[0m
Migrating to CreateTodos (20170926154839)
  [1m[35m (1.0ms)[0m  [1m[36mbegin transaction[0m
  [1m[35m (4.0ms)[0m  [1m[35mCREATE TABLE "todos" ("id" INTEGER PRIMARY KEY AUTOINCREMENT NOT NULL, "title" varchar, "created_by" varchar, "created_at" datetime NOT NULL, "updated_at" datetime NOT NULL)[0m
  [1m[35mSQL (1.0ms)[0m  [1m[32mINSERT INTO "schema_migrations" ("version") VALUES (?)[0m  [["version", "20170926154839"]]
  [1m[35m (77.0ms)[0m  [1m[36mcommit transaction[0m
Migrating to CreateItems (20170926154941)
  [1m[35m (0.0ms)[0m  [1m[36mbegin transaction[0m
  [1m[35m (4.0ms)[0m  [1m[35mCREATE TABLE "items" ("id" INTEGER PRIMARY KEY AUTOINCREMENT NOT NULL, "name" varchar, "done" boolean, "todo_id" integer, "created_at" datetime NOT NULL, "updated_at" datetime NOT NULL, CONSTRAINT "fk_rails_c01e6b449d"
FOREIGN KEY ("todo_id")
  REFERENCES "todos" ("id")
)[0m
  [1m[35m (0.0ms)[0m  [1m[35mCREATE  INDEX "index_items_on_todo_id" ON "items" ("todo_id")[0m
  [1m[35mSQL (0.0ms)[0m  [1m[32mINSERT INTO "schema_migrations" ("version") VALUES (?)[0m  [["version", "20170926154941"]]
  [1m[35m (97.0ms)[0m  [1m[36mcommit transaction[0m
  [1m[36mActiveRecord::InternalMetadata Load (1.0ms)[0m  [1m[34mSELECT  "ar_internal_metadata".* FROM "ar_internal_metadata" WHERE "ar_internal_metadata"."key" = ? LIMIT ?[0m  [["key", "environment"], ["LIMIT", 1]]
  [1m[35m (0.0ms)[0m  [1m[36mbegin transaction[0m
  [1m[35mSQL (3.0ms)[0m  [1m[32mINSERT INTO "ar_internal_metadata" ("key", "value", "created_at", "updated_at") VALUES (?, ?, ?, ?)[0m  [["key", "environment"], ["value", "development"], ["created_at", "2017-10-07 14:12:49.513242"], ["updated_at", "2017-10-07 14:12:49.513242"]]
  [1m[35m (224.1ms)[0m  [1m[36mcommit transaction[0m
  [1m[35m (0.0ms)[0m  [1m[34mSELECT "schema_migrations"."version" FROM "schema_migrations" ORDER BY "schema_migrations"."version" ASC[0m
  [1m[35m (0.0ms)[0m  [1m[34m            SELECT sql
            FROM sqlite_master
            WHERE name='index_items_on_todo_id' AND type='index'
            UNION ALL
            SELECT sql
            FROM sqlite_temp_master
            WHERE name='index_items_on_todo_id' AND type='index'
[0m
  [1m[35m (1.0ms)[0m  [1m[34mSELECT "schema_migrations"."version" FROM "schema_migrations" ORDER BY "schema_migrations"."version" ASC[0m
  [1m[35m (0.0ms)[0m  [1m[34mSELECT "ar_internal_metadata"."value" FROM "ar_internal_metadata" WHERE "ar_internal_metadata"."key" = ?[0m  [["key", "environment"]]
  [1m[35m (1.0ms)[0m  [1m[34mSELECT "schema_migrations"."version" FROM "schema_migrations" ORDER BY "schema_migrations"."version" ASC[0m
  [1m[35m (0.0ms)[0m  [1m[34mSELECT "ar_internal_metadata"."value" FROM "ar_internal_metadata" WHERE "ar_internal_metadata"."key" = ?[0m  [["key", "environment"]]
  [1m[35m (0.0ms)[0m  [1m[34mSELECT "schema_migrations"."version" FROM "schema_migrations" ORDER BY "schema_migrations"."version" ASC[0m
  [1m[35m (0.0ms)[0m  [1m[34mSELECT "ar_internal_metadata"."value" FROM "ar_internal_metadata" WHERE "ar_internal_metadata"."key" = ?[0m  [["key", "environment"]]
  [1m[35m (1.0ms)[0m  [1m[35mDROP TABLE IF EXISTS "items"[0m
  [1m[35m (0.0ms)[0m  [1m[34mSELECT sqlite_version(*)[0m
  [1m[35m (165.0ms)[0m  [1m[35mCREATE TABLE "items" ("id" INTEGER PRIMARY KEY AUTOINCREMENT NOT NULL, "name" varchar, "done" boolean, "todo_id" integer, "created_at" datetime NOT NULL, "updated_at" datetime NOT NULL)[0m
  [1m[35m (109.0ms)[0m  [1m[35mCREATE  INDEX "index_items_on_todo_id" ON "items" ("todo_id")[0m
  [1m[35m (1.0ms)[0m  [1m[35mDROP TABLE IF EXISTS "todos"[0m
  [1m[35m (132.1ms)[0m  [1m[35mCREATE TABLE "todos" ("id" INTEGER PRIMARY KEY AUTOINCREMENT NOT NULL, "title" varchar, "created_by" varchar, "created_at" datetime NOT NULL, "updated_at" datetime NOT NULL)[0m
  [1m[35m (120.0ms)[0m  [1m[35mCREATE TABLE "schema_migrations" ("version" varchar NOT NULL PRIMARY KEY)[0m
  [1m[35m (1.1ms)[0m  [1m[34mSELECT "schema_migrations"."version" FROM "schema_migrations" ORDER BY "schema_migrations"."version" ASC[0m
  [1m[35m (151.0ms)[0m  [1m[32mINSERT INTO "schema_migrations" (version) VALUES (20170926154941)[0m
  [1m[35m (109.0ms)[0m  [1m[32mINSERT INTO "schema_migrations" (version) VALUES
(20170926154839);

[0m
  [1m[35m (394.2ms)[0m  [1m[35mCREATE TABLE "ar_internal_metadata" ("key" varchar NOT NULL PRIMARY KEY, "value" varchar, "created_at" datetime NOT NULL, "updated_at" datetime NOT NULL)[0m
  [1m[36mActiveRecord::InternalMetadata Load (1.0ms)[0m  [1m[34mSELECT  "ar_internal_metadata".* FROM "ar_internal_metadata" WHERE "ar_internal_metadata"."key" = ? LIMIT ?[0m  [["key", "environment"], ["LIMIT", 1]]
  [1m[35m (0.0ms)[0m  [1m[36mbegin transaction[0m
  [1m[35mSQL (8.9ms)[0m  [1m[32mINSERT INTO "ar_internal_metadata" ("key", "value", "created_at", "updated_at") VALUES (?, ?, ?, ?)[0m  [["key", "environment"], ["value", "development"], ["created_at", "2017-10-07 14:13:21.276884"], ["updated_at", "2017-10-07 14:13:21.276884"]]
  [1m[35m (130.1ms)[0m  [1m[36mcommit transaction[0m
  [1m[36mActiveRecord::InternalMetadata Load (0.0ms)[0m  [1m[34mSELECT  "ar_internal_metadata".* FROM "ar_internal_metadata" WHERE "ar_internal_metadata"."key" = ? LIMIT ?[0m  [["key", "environment"], ["LIMIT", 1]]
  [1m[35m (0.0ms)[0m  [1m[36mbegin transaction[0m
  [1m[35m (0.0ms)[0m  [1m[36mcommit transaction[0m
  [1m[35m (0.0ms)[0m  [1m[36mbegin transaction[0m
Started GET "/" for 127.0.0.1 at 2017-10-07 13:10:30 -0300
  [1m[35m (1.0ms)[0m  [1m[34mSELECT "schema_migrations"."version" FROM "schema_migrations" ORDER BY "schema_migrations"."version" ASC[0m
Processing by Rails::WelcomeController#index as HTML
  Rendering C:/RailsInstaller/Ruby2.3.0/lib/ruby/gems/2.3.0/gems/railties-5.1.4/lib/rails/templates/rails/welcome/index.html.erb
  Rendered C:/RailsInstaller/Ruby2.3.0/lib/ruby/gems/2.3.0/gems/railties-5.1.4/lib/rails/templates/rails/welcome/index.html.erb (112.5ms)
Completed 200 OK in 632ms (Views: 384.2ms | ActiveRecord: 0.0ms)


Started GET "/favicon.ico" for 127.0.0.1 at 2017-10-07 13:10:34 -0300
  
ActionController::RoutingError (No route matches [GET] "/favicon.ico"):
  
actionpack (5.1.4) lib/action_dispatch/middleware/debug_exceptions.rb:63:in `call'
actionpack (5.1.4) lib/action_dispatch/middleware/show_exceptions.rb:31:in `call'
railties (5.1.4) lib/rails/rack/logger.rb:36:in `call_app'
railties (5.1.4) lib/rails/rack/logger.rb:24:in `block in call'
activesupport (5.1.4) lib/active_support/tagged_logging.rb:69:in `block in tagged'
activesupport (5.1.4) lib/active_support/tagged_logging.rb:26:in `tagged'
activesupport (5.1.4) lib/active_support/tagged_logging.rb:69:in `tagged'
railties (5.1.4) lib/rails/rack/logger.rb:24:in `call'
actionpack (5.1.4) lib/action_dispatch/middleware/remote_ip.rb:79:in `call'
actionpack (5.1.4) lib/action_dispatch/middleware/request_id.rb:25:in `call'
rack (2.0.3) lib/rack/runtime.rb:22:in `call'
activesupport (5.1.4) lib/active_support/cache/strategy/local_cache_middleware.rb:27:in `call'
actionpack (5.1.4) lib/action_dispatch/middleware/executor.rb:12:in `call'
actionpack (5.1.4) lib/action_dispatch/middleware/static.rb:125:in `call'
rack (2.0.3) lib/rack/sendfile.rb:111:in `call'
railties (5.1.4) lib/rails/engine.rb:522:in `call'
puma (3.10.0) lib/puma/configuration.rb:225:in `call'
puma (3.10.0) lib/puma/server.rb:605:in `handle_request'
puma (3.10.0) lib/puma/server.rb:437:in `process_client'
puma (3.10.0) lib/puma/server.rb:301:in `block in run'
puma (3.10.0) lib/puma/thread_pool.rb:120:in `block in spawn_thread'
Started GET "/todos" for 127.0.0.1 at 2017-10-07 13:28:54 -0300
Processing by TodosController#index as */*
  [1m[36mTodo Load (0.5ms)[0m  [1m[34mSELECT "todos".* FROM "todos"[0m
Completed 200 OK in 57ms (Views: 12.9ms | ActiveRecord: 3.5ms)


Started POST "/todos" for 127.0.0.1 at 2017-10-07 13:30:08 -0300
Processing by TodosController#create as */*
  Parameters: {"title"=>"Oasis", "create_by"=>1, "todo"=>{"title"=>"Oasis"}}
Unpermitted parameters: :create_by, :todo
  [1m[35m (0.0ms)[0m  [1m[36mbegin transaction[0m
  [1m[35m (0.0ms)[0m  [1m[31mrollback transaction[0m
Completed 422 Unprocessable Entity in 96ms (Views: 0.6ms | ActiveRecord: 2.5ms)


Started POST "/todos" for 127.0.0.1 at 2017-10-07 13:30:23 -0300
Processing by TodosController#create as */*
  Parameters: {"title"=>"Oasis", "created_by"=>1, "todo"=>{"title"=>"Oasis", "created_by"=>1}}
Unpermitted parameter: :todo
  [1m[35m (0.5ms)[0m  [1m[36mbegin transaction[0m
  [1m[35mSQL (5.5ms)[0m  [1m[32mINSERT INTO "todos" ("title", "created_by", "created_at", "updated_at") VALUES (?, ?, ?, ?)[0m  [["title", "Oasis"], ["created_by", "1"], ["created_at", "2017-10-07 16:30:24.095745"], ["updated_at", "2017-10-07 16:30:24.095745"]]
  [1m[35m (91.0ms)[0m  [1m[36mcommit transaction[0m
Completed 201 Created in 145ms (Views: 1.6ms | ActiveRecord: 97.0ms)


Started GET "/todos" for 127.0.0.1 at 2017-10-07 13:30:28 -0300
Processing by TodosController#index as */*
  [1m[36mTodo Load (3.0ms)[0m  [1m[34mSELECT "todos".* FROM "todos"[0m
Completed 200 OK in 29ms (Views: 24.8ms | ActiveRecord: 3.0ms)


Started POST "/todos/1" for 127.0.0.1 at 2017-10-07 13:35:16 -0300
  
ActionController::RoutingError (No route matches [POST] "/todos/1"):
  
actionpack (5.1.4) lib/action_dispatch/middleware/debug_exceptions.rb:63:in `call'
actionpack (5.1.4) lib/action_dispatch/middleware/show_exceptions.rb:31:in `call'
railties (5.1.4) lib/rails/rack/logger.rb:36:in `call_app'
railties (5.1.4) lib/rails/rack/logger.rb:24:in `block in call'
activesupport (5.1.4) lib/active_support/tagged_logging.rb:69:in `block in tagged'
activesupport (5.1.4) lib/active_support/tagged_logging.rb:26:in `tagged'
activesupport (5.1.4) lib/active_support/tagged_logging.rb:69:in `tagged'
railties (5.1.4) lib/rails/rack/logger.rb:24:in `call'
actionpack (5.1.4) lib/action_dispatch/middleware/remote_ip.rb:79:in `call'
actionpack (5.1.4) lib/action_dispatch/middleware/request_id.rb:25:in `call'
rack (2.0.3) lib/rack/runtime.rb:22:in `call'
activesupport (5.1.4) lib/active_support/cache/strategy/local_cache_middleware.rb:27:in `call'
actionpack (5.1.4) lib/action_dispatch/middleware/executor.rb:12:in `call'
actionpack (5.1.4) lib/action_dispatch/middleware/static.rb:125:in `call'
rack (2.0.3) lib/rack/sendfile.rb:111:in `call'
railties (5.1.4) lib/rails/engine.rb:522:in `call'
puma (3.10.0) lib/puma/configuration.rb:225:in `call'
puma (3.10.0) lib/puma/server.rb:605:in `handle_request'
puma (3.10.0) lib/puma/server.rb:437:in `process_client'
puma (3.10.0) lib/puma/server.rb:301:in `block in run'
puma (3.10.0) lib/puma/thread_pool.rb:120:in `block in spawn_thread'
Started POST "/todos/1" for 127.0.0.1 at 2017-10-07 13:36:57 -0300
  
ActionController::RoutingError (No route matches [POST] "/todos/1"):
  
actionpack (5.1.4) lib/action_dispatch/middleware/debug_exceptions.rb:63:in `call'
actionpack (5.1.4) lib/action_dispatch/middleware/show_exceptions.rb:31:in `call'
railties (5.1.4) lib/rails/rack/logger.rb:36:in `call_app'
railties (5.1.4) lib/rails/rack/logger.rb:24:in `block in call'
activesupport (5.1.4) lib/active_support/tagged_logging.rb:69:in `block in tagged'
activesupport (5.1.4) lib/active_support/tagged_logging.rb:26:in `tagged'
activesupport (5.1.4) lib/active_support/tagged_logging.rb:69:in `tagged'
railties (5.1.4) lib/rails/rack/logger.rb:24:in `call'
actionpack (5.1.4) lib/action_dispatch/middleware/remote_ip.rb:79:in `call'
actionpack (5.1.4) lib/action_dispatch/middleware/request_id.rb:25:in `call'
rack (2.0.3) lib/rack/runtime.rb:22:in `call'
activesupport (5.1.4) lib/active_support/cache/strategy/local_cache_middleware.rb:27:in `call'
actionpack (5.1.4) lib/action_dispatch/middleware/executor.rb:12:in `call'
actionpack (5.1.4) lib/action_dispatch/middleware/static.rb:125:in `call'
rack (2.0.3) lib/rack/sendfile.rb:111:in `call'
railties (5.1.4) lib/rails/engine.rb:522:in `call'
puma (3.10.0) lib/puma/configuration.rb:225:in `call'
puma (3.10.0) lib/puma/server.rb:605:in `handle_request'
puma (3.10.0) lib/puma/server.rb:437:in `process_client'
puma (3.10.0) lib/puma/server.rb:301:in `block in run'
puma (3.10.0) lib/puma/thread_pool.rb:120:in `block in spawn_thread'
Started POST "/todos/" for 127.0.0.1 at 2017-10-07 13:37:03 -0300
Processing by TodosController#create as */*
  Parameters: {"title"=>"The Cranberries", "created_by"=>1, "todo"=>{"title"=>"The Cranberries", "created_by"=>1}}
Unpermitted parameter: :todo
  [1m[35m (0.0ms)[0m  [1m[36mbegin transaction[0m
  [1m[35mSQL (10.5ms)[0m  [1m[32mINSERT INTO "todos" ("title", "created_by", "created_at", "updated_at") VALUES (?, ?, ?, ?)[0m  [["title", "The Cranberries"], ["created_by", "1"], ["created_at", "2017-10-07 16:37:03.444410"], ["updated_at", "2017-10-07 16:37:03.444410"]]
  [1m[35m (188.2ms)[0m  [1m[36mcommit transaction[0m
Completed 201 Created in 224ms (Views: 2.6ms | ActiveRecord: 198.7ms)


Started GET "/todos" for 127.0.0.1 at 2017-10-07 13:37:18 -0300
Processing by TodosController#index as */*
  [1m[36mTodo Load (1.5ms)[0m  [1m[34mSELECT "todos".* FROM "todos"[0m
Completed 200 OK in 27ms (Views: 20.3ms | ActiveRecord: 1.5ms)


Started GET "/todos/" for 127.0.0.1 at 2017-10-07 13:37:21 -0300
Processing by TodosController#index as */*
  [1m[36mTodo Load (4.0ms)[0m  [1m[34mSELECT "todos".* FROM "todos"[0m
Completed 200 OK in 29ms (Views: 24.0ms | ActiveRecord: 4.0ms)


Started POST "/todos/" for 127.0.0.1 at 2017-10-07 13:37:46 -0300
Processing by TodosController#create as */*
  Parameters: {"title"=>"The xxx", "created_by"=>2, "todo"=>{"title"=>"The xxx", "created_by"=>2}}
Unpermitted parameter: :todo
  [1m[35m (0.0ms)[0m  [1m[36mbegin transaction[0m
  [1m[35mSQL (4.5ms)[0m  [1m[32mINSERT INTO "todos" ("title", "created_by", "created_at", "updated_at") VALUES (?, ?, ?, ?)[0m  [["title", "The xxx"], ["created_by", "2"], ["created_at", "2017-10-07 16:37:46.992602"], ["updated_at", "2017-10-07 16:37:46.992602"]]
  [1m[35m (90.9ms)[0m  [1m[36mcommit transaction[0m
Completed 201 Created in 121ms (Views: 2.4ms | ActiveRecord: 95.4ms)


Started GET "/todos/" for 127.0.0.1 at 2017-10-07 13:37:49 -0300
Processing by TodosController#index as */*
  [1m[36mTodo Load (1.0ms)[0m  [1m[34mSELECT "todos".* FROM "todos"[0m
Completed 200 OK in 16ms (Views: 13.3ms | ActiveRecord: 1.0ms)


Started PUT "/todos/3" for 127.0.0.1 at 2017-10-07 13:38:10 -0300
Processing by TodosController#update as */*
  Parameters: {"title"=>"The aaa", "created_by"=>3, "id"=>"3", "todo"=>{"title"=>"The aaa", "created_by"=>3}}
  [1m[36mTodo Load (2.5ms)[0m  [1m[34mSELECT  "todos".* FROM "todos" WHERE "todos"."id" = ? LIMIT ?[0m  [["id", 3], ["LIMIT", 1]]
Unpermitted parameters: :id, :todo
  [1m[35m (0.5ms)[0m  [1m[36mbegin transaction[0m
  [1m[35mSQL (4.0ms)[0m  [1m[33mUPDATE "todos" SET "title" = ?, "created_by" = ?, "updated_at" = ? WHERE "todos"."id" = ?[0m  [["title", "The aaa"], ["created_by", "3"], ["updated_at", "2017-10-07 16:38:10.963866"], ["id", 3]]
  [1m[35m (101.7ms)[0m  [1m[36mcommit transaction[0m
Completed 204 No Content in 143ms (ActiveRecord: 108.7ms)


Started GET "/todos/" for 127.0.0.1 at 2017-10-07 13:38:15 -0300
Processing by TodosController#index as */*
  [1m[36mTodo Load (2.0ms)[0m  [1m[34mSELECT "todos".* FROM "todos"[0m
Completed 200 OK in 17ms (Views: 14.6ms | ActiveRecord: 2.0ms)


Started DELETE "/todos/3" for 127.0.0.1 at 2017-10-07 13:38:27 -0300
Processing by TodosController#destroy as */*
  Parameters: {"title"=>"The aaa", "created_by"=>3, "id"=>"3", "todo"=>{"title"=>"The aaa", "created_by"=>3}}
  [1m[36mTodo Load (0.5ms)[0m  [1m[34mSELECT  "todos".* FROM "todos" WHERE "todos"."id" = ? LIMIT ?[0m  [["id", 3], ["LIMIT", 1]]
  [1m[35m (0.5ms)[0m  [1m[36mbegin transaction[0m
  [1m[36mItem Load (0.5ms)[0m  [1m[34mSELECT "items".* FROM "items" WHERE "items"."todo_id" = ?[0m  [["todo_id", 3]]
  [1m[35mSQL (5.5ms)[0m  [1m[31mDELETE FROM "todos" WHERE "todos"."id" = ?[0m  [["id", 3]]
  [1m[35m (101.7ms)[0m  [1m[36mcommit transaction[0m
Completed 204 No Content in 243ms (ActiveRecord: 110.3ms)


Started GET "/todos/" for 127.0.0.1 at 2017-10-07 13:38:35 -0300
Processing by TodosController#index as */*
  [1m[36mTodo Load (1.5ms)[0m  [1m[34mSELECT "todos".* FROM "todos"[0m
Completed 200 OK in 12ms (Views: 8.6ms | ActiveRecord: 1.5ms)


Started GET "/todos/1/items" for 127.0.0.1 at 2017-10-07 13:38:48 -0300
Processing by ItemsController#index as */*
  Parameters: {"todo_id"=>"1"}
  [1m[36mTodo Load (0.5ms)[0m  [1m[34mSELECT  "todos".* FROM "todos" WHERE "todos"."id" = ? LIMIT ?[0m  [["id", nil], ["LIMIT", 1]]
Completed 404 Not Found in 6ms (Views: 0.6ms | ActiveRecord: 0.5ms)


Started GET "/todos/1/items" for 127.0.0.1 at 2017-10-07 13:39:45 -0300
Processing by ItemsController#index as */*
  Parameters: {"todo_id"=>"1"}
  [1m[36mTodo Load (1.0ms)[0m  [1m[34mSELECT  "todos".* FROM "todos" WHERE "todos"."id" = ? LIMIT ?[0m  [["id", 1], ["LIMIT", 1]]
Completed 500 Internal Server Error in 235ms (ActiveRecord: 4.0ms)


  
NoMethodError (undefined method `json_respose' for #<ItemsController:0x46178b8>
Did you mean?  json_response):
  
app/controllers/items_controller.rb:8:in `index'
Started GET "/todos/1/items" for 127.0.0.1 at 2017-10-07 13:41:49 -0300
Processing by ItemsController#index as */*
  Parameters: {"todo_id"=>"1"}
  [1m[36mTodo Load (1.5ms)[0m  [1m[34mSELECT  "todos".* FROM "todos" WHERE "todos"."id" = ? LIMIT ?[0m  [["id", 1], ["LIMIT", 1]]
Completed 500 Internal Server Error in 189ms (ActiveRecord: 5.5ms)


  
NoMethodError (undefined method `json_respose' for #<ItemsController:0x5e13538>
Did you mean?  json_response):
  
app/controllers/items_controller.rb:8:in `index'
Started GET "/todos/1/items" for 127.0.0.1 at 2017-10-07 13:42:39 -0300
Processing by ItemsController#index as */*
  Parameters: {"todo_id"=>"1"}
  [1m[36mTodo Load (1.0ms)[0m  [1m[34mSELECT  "todos".* FROM "todos" WHERE "todos"."id" = ? LIMIT ?[0m  [["id", 1], ["LIMIT", 1]]
  [1m[36mItem Load (0.5ms)[0m  [1m[34mSELECT "items".* FROM "items" WHERE "items"."todo_id" = ?[0m  [["todo_id", 1]]
Completed 200 OK in 71ms (Views: 7.0ms | ActiveRecord: 6.0ms)


Started GET "/todos/1/items" for 127.0.0.1 at 2017-10-07 13:45:11 -0300
Processing by ItemsController#index as */*
  Parameters: {"todo_id"=>"1"}
  [1m[36mTodo Load (0.0ms)[0m  [1m[34mSELECT  "todos".* FROM "todos" WHERE "todos"."id" = ? LIMIT ?[0m  [["id", 1], ["LIMIT", 1]]
  [1m[36mItem Load (0.5ms)[0m  [1m[34mSELECT "items".* FROM "items" WHERE "items"."todo_id" = ?[0m  [["todo_id", 1]]
Completed 200 OK in 10ms (Views: 4.8ms | ActiveRecord: 0.5ms)


Started POST "/todos/1/items" for 127.0.0.1 at 2017-10-07 13:45:27 -0300
Processing by ItemsController#create as */*
  Parameters: {"title"=>"The aaa", "created_by"=>3, "todo_id"=>"1", "item"=>{}}
  [1m[36mTodo Load (0.5ms)[0m  [1m[34mSELECT  "todos".* FROM "todos" WHERE "todos"."id" = ? LIMIT ?[0m  [["id", 1], ["LIMIT", 1]]
Unpermitted parameters: :title, :created_by, :todo_id, :item
  [1m[35m (0.5ms)[0m  [1m[36mbegin transaction[0m
  [1m[35m (0.4ms)[0m  [1m[31mrollback transaction[0m
Completed 422 Unprocessable Entity in 77ms (Views: 0.5ms | ActiveRecord: 25.4ms)


Started GET "/todos/1" for 127.0.0.1 at 2017-10-07 13:45:57 -0300
Processing by TodosController#show as */*
  Parameters: {"id"=>"1"}
  [1m[36mTodo Load (1.0ms)[0m  [1m[34mSELECT  "todos".* FROM "todos" WHERE "todos"."id" = ? LIMIT ?[0m  [["id", 1], ["LIMIT", 1]]
Completed 200 OK in 9ms (Views: 2.9ms | ActiveRecord: 1.0ms)


Started POST "/todos/1/items" for 127.0.0.1 at 2017-10-07 13:46:12 -0300
Processing by ItemsController#create as */*
  Parameters: {"name"=>"Wonderwall", "todo_id"=>"1", "item"=>{"name"=>"Wonderwall"}}
  [1m[36mTodo Load (0.5ms)[0m  [1m[34mSELECT  "todos".* FROM "todos" WHERE "todos"."id" = ? LIMIT ?[0m  [["id", 1], ["LIMIT", 1]]
Unpermitted parameters: :todo_id, :item
  [1m[35m (0.0ms)[0m  [1m[36mbegin transaction[0m
  [1m[35mSQL (421.1ms)[0m  [1m[32mINSERT INTO "items" ("name", "todo_id", "created_at", "updated_at") VALUES (?, ?, ?, ?)[0m  [["name", "Wonderwall"], ["todo_id", 1], ["created_at", "2017-10-07 16:46:13.016472"], ["updated_at", "2017-10-07 16:46:13.016472"]]
  [1m[35m (256.1ms)[0m  [1m[36mcommit transaction[0m
Completed 201 Created in 702ms (Views: 0.3ms | ActiveRecord: 677.7ms)


Started GET "/todos/1" for 127.0.0.1 at 2017-10-07 13:53:52 -0300
Processing by TodosController#show as */*
  Parameters: {"id"=>"1"}
  [1m[36mTodo Load (0.0ms)[0m  [1m[34mSELECT  "todos".* FROM "todos" WHERE "todos"."id" = ? LIMIT ?[0m  [["id", 1], ["LIMIT", 1]]
Completed 200 OK in 7ms (Views: 3.3ms | ActiveRecord: 0.0ms)


Started POST "/todos/1/items" for 127.0.0.1 at 2017-10-07 13:54:23 -0300
Processing by ItemsController#create as */*
  Parameters: {"name"=>"Wonderwall", "done"=>false, "todo_id"=>"1", "item"=>{"name"=>"Wonderwall", "done"=>false}}
  [1m[36mTodo Load (0.0ms)[0m  [1m[34mSELECT  "todos".* FROM "todos" WHERE "todos"."id" = ? LIMIT ?[0m  [["id", 1], ["LIMIT", 1]]
Unpermitted parameters: :todo_id, :item
  [1m[35m (0.0ms)[0m  [1m[36mbegin transaction[0m
  [1m[35mSQL (3.0ms)[0m  [1m[32mINSERT INTO "items" ("name", "done", "todo_id", "created_at", "updated_at") VALUES (?, ?, ?, ?, ?)[0m  [["name", "Wonderwall"], ["done", "f"], ["todo_id", 1], ["created_at", "2017-10-07 16:54:23.530471"], ["updated_at", "2017-10-07 16:54:23.530471"]]
  [1m[35m (105.1ms)[0m  [1m[36mcommit transaction[0m
Completed 201 Created in 123ms (Views: 0.3ms | ActiveRecord: 108.1ms)


Started GET "/todos/1/items" for 127.0.0.1 at 2017-10-07 13:54:32 -0300
Processing by ItemsController#index as */*
  Parameters: {"todo_id"=>"1"}
  [1m[36mTodo Load (0.0ms)[0m  [1m[34mSELECT  "todos".* FROM "todos" WHERE "todos"."id" = ? LIMIT ?[0m  [["id", 1], ["LIMIT", 1]]
  [1m[36mItem Load (1.0ms)[0m  [1m[34mSELECT "items".* FROM "items" WHERE "items"."todo_id" = ?[0m  [["todo_id", 1]]
Completed 200 OK in 12ms (Views: 7.3ms | ActiveRecord: 1.0ms)


Started PUT "/todos/1/items/2" for 127.0.0.1 at 2017-10-07 13:55:07 -0300
Processing by ItemsController#update as */*
  Parameters: {"name"=>"Hold me", "done"=>true, "todo_id"=>"1", "id"=>"2", "item"=>{"name"=>"Hold me", "done"=>true}}
  [1m[36mTodo Load (0.0ms)[0m  [1m[34mSELECT  "todos".* FROM "todos" WHERE "todos"."id" = ? LIMIT ?[0m  [["id", 1], ["LIMIT", 1]]
  [1m[36mItem Load (1.0ms)[0m  [1m[34mSELECT  "items".* FROM "items" WHERE "items"."todo_id" = ? AND "items"."id" = ? LIMIT ?[0m  [["todo_id", 1], ["id", 2], ["LIMIT", 1]]
Unpermitted parameters: :todo_id, :id, :item
  [1m[35m (0.0ms)[0m  [1m[36mbegin transaction[0m
  [1m[35mSQL (3.0ms)[0m  [1m[33mUPDATE "items" SET "name" = ?, "done" = ?, "updated_at" = ? WHERE "items"."id" = ?[0m  [["name", "Hold me"], ["done", "t"], ["updated_at", "2017-10-07 16:55:07.110537"], ["id", 2]]
  [1m[35m (90.0ms)[0m  [1m[36mcommit transaction[0m
Completed 204 No Content in 113ms (ActiveRecord: 94.0ms)


Started GET "/todos/1/items" for 127.0.0.1 at 2017-10-07 13:55:10 -0300
Processing by ItemsController#index as */*
  Parameters: {"todo_id"=>"1"}
  [1m[36mTodo Load (1.0ms)[0m  [1m[34mSELECT  "todos".* FROM "todos" WHERE "todos"."id" = ? LIMIT ?[0m  [["id", 1], ["LIMIT", 1]]
  [1m[36mItem Load (0.0ms)[0m  [1m[34mSELECT "items".* FROM "items" WHERE "items"."todo_id" = ?[0m  [["todo_id", 1]]
Completed 200 OK in 12ms (Views: 6.3ms | ActiveRecord: 1.0ms)


Started DELETE "/todos/1/items/2" for 127.0.0.1 at 2017-10-07 13:55:31 -0300
Processing by ItemsController#destroy as */*
  Parameters: {"name"=>"Hold me", "done"=>true, "todo_id"=>"1", "id"=>"2", "item"=>{"name"=>"Hold me", "done"=>true}}
  [1m[36mTodo Load (1.0ms)[0m  [1m[34mSELECT  "todos".* FROM "todos" WHERE "todos"."id" = ? LIMIT ?[0m  [["id", 1], ["LIMIT", 1]]
  [1m[36mItem Load (1.1ms)[0m  [1m[34mSELECT  "items".* FROM "items" WHERE "items"."todo_id" = ? AND "items"."id" = ? LIMIT ?[0m  [["todo_id", 1], ["id", 2], ["LIMIT", 1]]
  [1m[35m (0.0ms)[0m  [1m[36mbegin transaction[0m
  [1m[35mSQL (15.0ms)[0m  [1m[31mDELETE FROM "items" WHERE "items"."id" = ?[0m  [["id", 2]]
  [1m[35m (147.1ms)[0m  [1m[36mcommit transaction[0m
Completed 204 No Content in 178ms (ActiveRecord: 164.1ms)


Started GET "/todos/1/items" for 127.0.0.1 at 2017-10-07 13:55:35 -0300
Processing by ItemsController#index as */*
  Parameters: {"todo_id"=>"1"}
  [1m[36mTodo Load (0.0ms)[0m  [1m[34mSELECT  "todos".* FROM "todos" WHERE "todos"."id" = ? LIMIT ?[0m  [["id", 1], ["LIMIT", 1]]
  [1m[36mItem Load (1.0ms)[0m  [1m[34mSELECT "items".* FROM "items" WHERE "items"."todo_id" = ?[0m  [["todo_id", 1]]
Completed 200 OK in 13ms (Views: 6.7ms | ActiveRecord: 1.0ms)


Started GET "/todos/" for 127.0.0.1 at 2017-10-07 13:55:56 -0300
Processing by TodosController#index as */*
  [1m[36mTodo Load (1.0ms)[0m  [1m[34mSELECT "todos".* FROM "todos"[0m
Completed 200 OK in 7ms (Views: 4.6ms | ActiveRecord: 1.0ms)


  [1m[35m (0.0ms)[0m  [1m[34mSELECT "schema_migrations"."version" FROM "schema_migrations" ORDER BY "schema_migrations"."version" ASC[0m
Migrating to CreateUsers (20171007170751)
  [1m[35m (0.0ms)[0m  [1m[36mbegin transaction[0m
  [1m[35m (0.0ms)[0m  [1m[34mSELECT sqlite_version(*)[0m
  [1m[35m (2.9ms)[0m  [1m[35mCREATE TABLE "users" ("id" INTEGER PRIMARY KEY AUTOINCREMENT NOT NULL, "name" varchar, "email" varchar, "password_digest" varchar, "created_at" datetime NOT NULL, "updated_at" datetime NOT NULL)[0m
  [1m[35mSQL (1.0ms)[0m  [1m[32mINSERT INTO "schema_migrations" ("version") VALUES (?)[0m  [["version", "20171007170751"]]
  [1m[35m (93.1ms)[0m  [1m[36mcommit transaction[0m
  [1m[36mActiveRecord::InternalMetadata Load (1.1ms)[0m  [1m[34mSELECT  "ar_internal_metadata".* FROM "ar_internal_metadata" WHERE "ar_internal_metadata"."key" = ? LIMIT ?[0m  [["key", "environment"], ["LIMIT", 1]]
  [1m[35m (0.0ms)[0m  [1m[36mbegin transaction[0m
  [1m[35m (0.0ms)[0m  [1m[36mcommit transaction[0m
  [1m[35m (0.0ms)[0m  [1m[34mSELECT "schema_migrations"."version" FROM "schema_migrations" ORDER BY "schema_migrations"."version" ASC[0m
  [1m[35m (0.0ms)[0m  [1m[34m            SELECT sql
            FROM sqlite_master
            WHERE name='index_items_on_todo_id' AND type='index'
            UNION ALL
            SELECT sql
            FROM sqlite_temp_master
            WHERE name='index_items_on_todo_id' AND type='index'
[0m
  [1m[35m (0.0ms)[0m  [1m[34mSELECT "schema_migrations"."version" FROM "schema_migrations" ORDER BY "schema_migrations"."version" ASC[0m
  [1m[35m (1.0ms)[0m  [1m[34mSELECT "ar_internal_metadata"."value" FROM "ar_internal_metadata" WHERE "ar_internal_metadata"."key" = ?[0m  [["key", "environment"]]
  [1m[35m (0.0ms)[0m  [1m[34mSELECT "schema_migrations"."version" FROM "schema_migrations" ORDER BY "schema_migrations"."version" ASC[0m
  [1m[35m (0.0ms)[0m  [1m[34mSELECT "ar_internal_metadata"."value" FROM "ar_internal_metadata" WHERE "ar_internal_metadata"."key" = ?[0m  [["key", "environment"]]
  [1m[35m (0.0ms)[0m  [1m[34mSELECT "schema_migrations"."version" FROM "schema_migrations" ORDER BY "schema_migrations"."version" ASC[0m
  [1m[35m (1.0ms)[0m  [1m[34mSELECT "ar_internal_metadata"."value" FROM "ar_internal_metadata" WHERE "ar_internal_metadata"."key" = ?[0m  [["key", "environment"]]
  [1m[35m (1.0ms)[0m  [1m[35mDROP TABLE IF EXISTS "items"[0m
  [1m[35m (0.0ms)[0m  [1m[34mSELECT sqlite_version(*)[0m
  [1m[35m (131.0ms)[0m  [1m[35mCREATE TABLE "items" ("id" INTEGER PRIMARY KEY AUTOINCREMENT NOT NULL, "name" varchar, "done" boolean, "todo_id" integer, "created_at" datetime NOT NULL, "updated_at" datetime NOT NULL)[0m
  [1m[35m (79.9ms)[0m  [1m[35mCREATE  INDEX "index_items_on_todo_id" ON "items" ("todo_id")[0m
  [1m[35m (1.0ms)[0m  [1m[35mDROP TABLE IF EXISTS "todos"[0m
  [1m[35m (142.6ms)[0m  [1m[35mCREATE TABLE "todos" ("id" INTEGER PRIMARY KEY AUTOINCREMENT NOT NULL, "title" varchar, "created_by" varchar, "created_at" datetime NOT NULL, "updated_at" datetime NOT NULL)[0m
  [1m[35m (0.0ms)[0m  [1m[35mDROP TABLE IF EXISTS "users"[0m
  [1m[35m (75.9ms)[0m  [1m[35mCREATE TABLE "users" ("id" INTEGER PRIMARY KEY AUTOINCREMENT NOT NULL, "name" varchar, "email" varchar, "password_digest" varchar, "created_at" datetime NOT NULL, "updated_at" datetime NOT NULL)[0m
  [1m[35m (145.0ms)[0m  [1m[35mCREATE TABLE "schema_migrations" ("version" varchar NOT NULL PRIMARY KEY)[0m
  [1m[35m (1.0ms)[0m  [1m[34mSELECT "schema_migrations"."version" FROM "schema_migrations" ORDER BY "schema_migrations"."version" ASC[0m
  [1m[35m (83.1ms)[0m  [1m[32mINSERT INTO "schema_migrations" (version) VALUES (20171007170751)[0m
  [1m[35m (133.3ms)[0m  [1m[32mINSERT INTO "schema_migrations" (version) VALUES
(20170926154839),
(20170926154941);

[0m
  [1m[35m (97.6ms)[0m  [1m[35mCREATE TABLE "ar_internal_metadata" ("key" varchar NOT NULL PRIMARY KEY, "value" varchar, "created_at" datetime NOT NULL, "updated_at" datetime NOT NULL)[0m
  [1m[36mActiveRecord::InternalMetadata Load (1.0ms)[0m  [1m[34mSELECT  "ar_internal_metadata".* FROM "ar_internal_metadata" WHERE "ar_internal_metadata"."key" = ? LIMIT ?[0m  [["key", "environment"], ["LIMIT", 1]]
  [1m[35m (0.0ms)[0m  [1m[36mbegin transaction[0m
  [1m[35mSQL (18.0ms)[0m  [1m[32mINSERT INTO "ar_internal_metadata" ("key", "value", "created_at", "updated_at") VALUES (?, ?, ?, ?)[0m  [["key", "environment"], ["value", "development"], ["created_at", "2017-10-07 17:08:31.974386"], ["updated_at", "2017-10-07 17:08:31.974386"]]
  [1m[35m (141.6ms)[0m  [1m[36mcommit transaction[0m
  [1m[36mActiveRecord::InternalMetadata Load (0.0ms)[0m  [1m[34mSELECT  "ar_internal_metadata".* FROM "ar_internal_metadata" WHERE "ar_internal_metadata"."key" = ? LIMIT ?[0m  [["key", "environment"], ["LIMIT", 1]]
  [1m[35m (0.0ms)[0m  [1m[36mbegin transaction[0m
  [1m[35m (0.0ms)[0m  [1m[36mcommit transaction[0m
